<?xml version="1.0" encoding="UTF-8" ?>
<testsuite tests="4" failures="0" name="ec.edu.epn.git.calculator.CalculatorTest" time="0" errors="0" skipped="0">
  <properties>
    <property name="idea.version" value="2022.2.1"/>
    <property name="java.runtime.name" value="OpenJDK Runtime Environment"/>
    <property name="sun.boot.library.path" value="C:\Users\Joffre\.jdks\liberica-1.8.0_345\jre\bin"/>
    <property name="java.vm.version" value="25.345-b01"/>
    <property name="java.vm.vendor" value="BellSoft"/>
    <property name="maven.multiModuleProjectDirectory" value="C:\Users\Joffre\IdeaProjects\Semestre 2022B\Metodologias_Agiles\sample-calculator-git"/>
    <property name="java.vendor.url" value="https://bell-sw.com/"/>
    <property name="path.separator" value=";"/>
    <property name="guice.disable.misplaced.annotation.check" value="true"/>
    <property name="java.vm.name" value="OpenJDK 64-Bit Server VM"/>
    <property name="file.encoding.pkg" value="sun.io"/>
    <property name="user.script" value=""/>
    <property name="user.country" value="EC"/>
    <property name="sun.java.launcher" value="SUN_STANDARD"/>
    <property name="sun.os.patch.level" value=""/>
    <property name="java.vm.specification.name" value="Java Virtual Machine Specification"/>
    <property name="user.dir" value="C:\Users\Joffre\IdeaProjects\Semestre 2022B\Metodologias_Agiles\sample-calculator-git"/>
    <property name="java.runtime.version" value="1.8.0_345-b01"/>
    <property name="java.awt.graphicsenv" value="sun.awt.Win32GraphicsEnvironment"/>
    <property name="java.endorsed.dirs" value="C:\Users\Joffre\.jdks\liberica-1.8.0_345\jre\lib\endorsed"/>
    <property name="os.arch" value="amd64"/>
    <property name="java.io.tmpdir" value="C:\Users\Joffre\AppData\Local\Temp\"/>
    <property name="line.separator" value="
"/>
    <property name="java.vm.specification.vendor" value="Oracle Corporation"/>
    <property name="user.variant" value=""/>
    <property name="os.name" value="Windows 10"/>
    <property name="maven.ext.class.path" value="C:\Users\Joffre\AppData\Local\JetBrains\Toolbox\apps\IDEA-U\ch-0\222.3739.54\plugins\maven\lib\maven-event-listener.jar"/>
    <property name="classworlds.conf" value="C:\Users\Joffre\AppData\Local\JetBrains\Toolbox\apps\IDEA-U\ch-0\222.3739.54\plugins\maven\lib\maven3\bin\m2.conf"/>
    <property name="sun.jnu.encoding" value="Cp1252"/>
    <property name="java.library.path" value="C:\Users\Joffre\.jdks\liberica-1.8.0_345\bin;C:\Windows\Sun\Java\bin;C:\Windows\system32;C:\Windows;C:\Program Files\Common Files\Oracle\Java\javapath;C:\Program Files (x86)\Common Files\Oracle\Java\javapath;C:\Program Files (x86)\VMware\VMware Player\bin\;C:\Windows\system32;C:\Windows;C:\Windows\System32\Wbem;C:\Windows\System32\WindowsPowerShell\v1.0\;C:\Windows\System32\OpenSSH\;C:\Program Files (x86)\NVIDIA Corporation\PhysX\Common;C:\Program Files\Microsoft SQL Server\150\Tools\Binn\;C:\Program Files\dotnet\;C:\Program Files\NVIDIA Corporation\NVIDIA NvDLISR;C:\Program Files (x86)\dotnet\;C:\Program Files\Git\cmd;C:\Program Files\Docker\Docker\resources\bin;C:\Users\Joffre\AppData\Local\Microsoft\WindowsApps;;C:\Users\Joffre\AppData\Local\Programs\Microsoft VS Code\bin;C:\Users\Joffre\.dotnet\tools;C:\Users\Joffre\AppData\Local\JetBrains\Toolbox\scripts;."/>
    <property name="maven.conf" value="C:\Users\Joffre\AppData\Local\JetBrains\Toolbox\apps\IDEA-U\ch-0\222.3739.54\plugins\maven\lib\maven3/conf"/>
    <property name="java.specification.name" value="Java Platform API Specification"/>
    <property name="java.class.version" value="52.0"/>
    <property name="sun.management.compiler" value="HotSpot 64-Bit Tiered Compilers"/>
    <property name="os.version" value="10.0"/>
    <property name="user.home" value="C:\Users\Joffre"/>
    <property name="user.timezone" value="America/Bogota"/>
    <property name="java.awt.printerjob" value="sun.awt.windows.WPrinterJob"/>
    <property name="java.specification.version" value="1.8"/>
    <property name="file.encoding" value="UTF-8"/>
    <property name="user.name" value="Joffre"/>
    <property name="java.class.path" value="C:\Users\Joffre\AppData\Local\JetBrains\Toolbox\apps\IDEA-U\ch-0\222.3739.54\plugins\maven\lib\maven3\boot\plexus-classworlds-2.6.0.jar;C:\Users\Joffre\AppData\Local\JetBrains\Toolbox\apps\IDEA-U\ch-0\222.3739.54\plugins\maven\lib\maven3\boot\plexus-classworlds.license;C:\Users\Joffre\AppData\Local\JetBrains\Toolbox\apps\IDEA-U\ch-0\222.3739.54\lib\idea_rt.jar"/>
    <property name="java.vm.specification.version" value="1.8"/>
    <property name="sun.arch.data.model" value="64"/>
    <property name="java.home" value="C:\Users\Joffre\.jdks\liberica-1.8.0_345\jre"/>
    <property name="sun.java.command" value="org.codehaus.classworlds.Launcher -Didea.version=2022.2.1 package"/>
    <property name="java.specification.vendor" value="Oracle Corporation"/>
    <property name="user.language" value="es"/>
    <property name="awt.toolkit" value="sun.awt.windows.WToolkit"/>
    <property name="java.vm.info" value="mixed mode"/>
    <property name="java.version" value="1.8.0_345"/>
    <property name="java.ext.dirs" value="C:\Users\Joffre\.jdks\liberica-1.8.0_345\jre\lib\ext;C:\Windows\Sun\Java\lib\ext"/>
    <property name="sun.boot.class.path" value="C:\Users\Joffre\.jdks\liberica-1.8.0_345\jre\lib\resources.jar;C:\Users\Joffre\.jdks\liberica-1.8.0_345\jre\lib\rt.jar;C:\Users\Joffre\.jdks\liberica-1.8.0_345\jre\lib\sunrsasign.jar;C:\Users\Joffre\.jdks\liberica-1.8.0_345\jre\lib\jsse.jar;C:\Users\Joffre\.jdks\liberica-1.8.0_345\jre\lib\jce.jar;C:\Users\Joffre\.jdks\liberica-1.8.0_345\jre\lib\charsets.jar;C:\Users\Joffre\.jdks\liberica-1.8.0_345\jre\lib\jfr.jar;C:\Users\Joffre\.jdks\liberica-1.8.0_345\jre\classes"/>
    <property name="java.vendor" value="BellSoft"/>
    <property name="maven.home" value="C:\Users\Joffre\AppData\Local\JetBrains\Toolbox\apps\IDEA-U\ch-0\222.3739.54\plugins\maven\lib\maven3"/>
    <property name="file.separator" value="\"/>
    <property name="java.vendor.url.bug" value="https://bell-sw.com/support"/>
    <property name="sun.cpu.endian" value="little"/>
    <property name="sun.io.unicode.encoding" value="UnicodeLittle"/>
    <property name="sun.desktop" value="windows"/>
    <property name="sun.cpu.isalist" value="amd64"/>
  </properties>
  <testcase classname="ec.edu.epn.git.calculator.CalculatorTest" name="given_two_doubles_when_substraction_then_ok" time="0"/>
  <testcase classname="ec.edu.epn.git.calculator.CalculatorTest" name="given_two_doubles_when_division_then_ok" time="0"/>
  <testcase classname="ec.edu.epn.git.calculator.CalculatorTest" name="given_two_doubles_when_multiplication_then_ok" time="0"/>
  <testcase classname="ec.edu.epn.git.calculator.CalculatorTest" name="given_two_doubles_when_add_then_ok" time="0"/>
</testsuite>